{"D:\\Yusuf\\OneDrive\\Desktop\\cs484\\assignment-2---final-project-repository-team32\\validator.js": {"path":"D:\\Yusuf\\OneDrive\\Desktop\\cs484\\assignment-2---final-project-repository-team32\\validator.js","statementMap":{"0":{"start":{"line":1,"column":27},"end":{"line":1,"column":53}},"1":{"start":{"line":5,"column":14},"end":{"line":5,"column":21}},"2":{"start":{"line":6,"column":18},"end":{"line":6,"column":23}},"3":{"start":{"line":8,"column":4},"end":{"line":24,"column":5}},"4":{"start":{"line":9,"column":8},"end":{"line":9,"column":47}},"5":{"start":{"line":10,"column":11},"end":{"line":24,"column":5}},"6":{"start":{"line":11,"column":8},"end":{"line":11,"column":46}},"7":{"start":{"line":12,"column":11},"end":{"line":24,"column":5}},"8":{"start":{"line":13,"column":8},"end":{"line":13,"column":47}},"9":{"start":{"line":14,"column":11},"end":{"line":24,"column":5}},"10":{"start":{"line":15,"column":8},"end":{"line":15,"column":57}},"11":{"start":{"line":16,"column":11},"end":{"line":24,"column":5}},"12":{"start":{"line":17,"column":8},"end":{"line":17,"column":49}},"13":{"start":{"line":18,"column":11},"end":{"line":24,"column":5}},"14":{"start":{"line":19,"column":8},"end":{"line":19,"column":49}},"15":{"start":{"line":20,"column":11},"end":{"line":24,"column":5}},"16":{"start":{"line":21,"column":8},"end":{"line":21,"column":48}},"17":{"start":{"line":23,"column":8},"end":{"line":23,"column":21}},"18":{"start":{"line":26,"column":4},"end":{"line":29,"column":5}},"19":{"start":{"line":32,"column":0},"end":{"line":32,"column":34}}},"fnMap":{"0":{"name":"passwordValidator","decl":{"start":{"line":3,"column":9},"end":{"line":3,"column":26}},"loc":{"start":{"line":3,"column":33},"end":{"line":30,"column":3}},"line":3}},"branchMap":{"0":{"loc":{"start":{"line":8,"column":4},"end":{"line":24,"column":5}},"type":"if","locations":[{"start":{"line":8,"column":4},"end":{"line":24,"column":5}},{"start":{"line":10,"column":11},"end":{"line":24,"column":5}}],"line":8},"1":{"loc":{"start":{"line":10,"column":11},"end":{"line":24,"column":5}},"type":"if","locations":[{"start":{"line":10,"column":11},"end":{"line":24,"column":5}},{"start":{"line":12,"column":11},"end":{"line":24,"column":5}}],"line":10},"2":{"loc":{"start":{"line":12,"column":11},"end":{"line":24,"column":5}},"type":"if","locations":[{"start":{"line":12,"column":11},"end":{"line":24,"column":5}},{"start":{"line":14,"column":11},"end":{"line":24,"column":5}}],"line":12},"3":{"loc":{"start":{"line":14,"column":11},"end":{"line":24,"column":5}},"type":"if","locations":[{"start":{"line":14,"column":11},"end":{"line":24,"column":5}},{"start":{"line":16,"column":11},"end":{"line":24,"column":5}}],"line":14},"4":{"loc":{"start":{"line":16,"column":11},"end":{"line":24,"column":5}},"type":"if","locations":[{"start":{"line":16,"column":11},"end":{"line":24,"column":5}},{"start":{"line":18,"column":11},"end":{"line":24,"column":5}}],"line":16},"5":{"loc":{"start":{"line":18,"column":11},"end":{"line":24,"column":5}},"type":"if","locations":[{"start":{"line":18,"column":11},"end":{"line":24,"column":5}},{"start":{"line":20,"column":11},"end":{"line":24,"column":5}}],"line":18},"6":{"loc":{"start":{"line":20,"column":11},"end":{"line":24,"column":5}},"type":"if","locations":[{"start":{"line":20,"column":11},"end":{"line":24,"column":5}},{"start":{"line":22,"column":11},"end":{"line":24,"column":5}}],"line":20}},"s":{"0":1,"1":11,"2":11,"3":11,"4":1,"5":10,"6":1,"7":9,"8":1,"9":8,"10":1,"11":7,"12":1,"13":6,"14":1,"15":5,"16":2,"17":3,"18":11,"19":1},"f":{"0":11},"b":{"0":[1,10],"1":[1,9],"2":[1,8],"3":[1,7],"4":[1,6],"5":[1,5],"6":[2,3]},"_coverageSchema":"1a1c01bbd47fc00a2c39e90264f33305004495a9","hash":"5ce7e65cc7a292424fefaba0199749adfc0d937e"}
}
